ISim log file
Running: H:/Xilinx/project_2/project_2.sim/sim_1/behav/LEDPWM_tb.exe -intstyle pa -gui -tclbatch isim.cmd -wdb LEDPWM_tb.wdb 
ISim P.68d (signature 0x7708f090)
----------------------------------------------------------------------
INFO:Security:50 - The XILINXD_LICENSE_FILE environment variable is set to 'C:\Xilinx\Xilinx.lic;2100@flexi.ti6.tu-harburg.de'.
INFO:Security:53 - The LM_LICENSE_FILE environment variable is not set.
WARNING:Security:43 - No license file was found in the standard Xilinx license directory.
WARNING:Security:44 - Since no license file was found,
       please run the Xilinx License Configuration Manager
       (xlcm or "Manage Xilinx Licenses")
       to assist in obtaining a license.
WARNING:Security:42 - Your software subscription period has lapsed. Your current version of Xilinx tools will continue to function, but you no longer qualify for Xilinx software updates or new releases.


----------------------------------------------------------------------
This is a Full version of ISim.
Time resolution is 1 ps
# onerror resume
# wave add /
# run 1000ns
Simulator is doing circuit initialization process.
Finished circuit initialization process.
# run 5.00s
Stopped at time : 85282190625 ps : File "//nap.rz.tu-harburg.de/fs1$/18/sims1301/windows/Xilinx/project_2/project_2.srcs/sources_1/new/Dimmer.vhd" Line 33
