ISim log file
Running: H:/hwprak/task_3/task_3.sim/sim_1/behav/testeverything_tb.exe -intstyle pa -gui -tclbatch isim.cmd -wdb testeverything_tb.wdb 
ISim P.68d (signature 0x7708f090)
----------------------------------------------------------------------
INFO:Security:50 - The XILINXD_LICENSE_FILE environment variable is set to 'C:\Xilinx\Xilinx.lic;2100@flexi.ti6.tu-harburg.de'.
INFO:Security:53 - The LM_LICENSE_FILE environment variable is not set.
WARNING:Security:43 - No license file was found in the standard Xilinx license directory.
WARNING:Security:44 - Since no license file was found,
       please run the Xilinx License Configuration Manager
       (xlcm or "Manage Xilinx Licenses")
       to assist in obtaining a license.
WARNING:Security:42 - Your software subscription period has lapsed. Your current version of Xilinx tools will continue to function, but you no longer qualify for Xilinx software updates or new releases.


----------------------------------------------------------------------
This is a Full version of ISim.
Time resolution is 1 ps
# onerror resume
# wave add /
# run 1000ns
Simulator is doing circuit initialization process.
at 0 ps, Instance /testeverything_tb/united/pwm/ : Warning: NUMERIC_STD.">": metavalue detected, returning FALSE
at 0 ps, Instance /testeverything_tb/united/i2c/ : Warning: NUMERIC_STD."=": metavalue detected, returning FALSE
Finished circuit initialization process.
at 7575 ps(1), Instance /testeverything_tb/united/pwm/ : Warning: NUMERIC_STD.">": metavalue detected, returning FALSE
at 22725 ps(1), Instance /testeverything_tb/united/pwm/ : Warning: NUMERIC_STD.">": metavalue detected, returning FALSE
at 37875 ps(1), Instance /testeverything_tb/united/pwm/ : Warning: NUMERIC_STD.">": metavalue detected, returning FALSE
at 53025 ps(1), Instance /testeverything_tb/united/pwm/ : Warning: NUMERIC_STD.">": metavalue detected, returning FALSE
at 68175 ps(1), Instance /testeverything_tb/united/pwm/ : Warning: NUMERIC_STD.">": metavalue detected, returning FALSE
at 83325 ps(1), Instance /testeverything_tb/united/pwm/ : Warning: NUMERIC_STD.">": metavalue detected, returning FALSE
at 98475 ps(1), Instance /testeverything_tb/united/pwm/ : Warning: NUMERIC_STD.">": metavalue detected, returning FALSE
at 113625 ps(1), Instance /testeverything_tb/united/pwm/ : Warning: NUMERIC_STD.">": metavalue detected, returning FALSE
at 128775 ps(1), Instance /testeverything_tb/united/pwm/ : Warning: NUMERIC_STD.">": metavalue detected, returning FALSE
at 143925 ps(1), Instance /testeverything_tb/united/pwm/ : Warning: NUMERIC_STD.">": metavalue detected, returning FALSE
at 159075 ps(1), Instance /testeverything_tb/united/pwm/ : Warning: NUMERIC_STD.">": metavalue detected, returning FALSE
at 174225 ps(1), Instance /testeverything_tb/united/pwm/ : Warning: NUMERIC_STD.">": metavalue detected, returning FALSE
at 189375 ps(1), Instance /testeverything_tb/united/pwm/ : Warning: NUMERIC_STD.">": metavalue detected, returning FALSE
at 204525 ps(1), Instance /testeverything_tb/united/pwm/ : Warning: NUMERIC_STD.">": metavalue detected, returning FALSE
at 219675 ps(1), Instance /testeverything_tb/united/pwm/ : Warning: NUMERIC_STD.">": metavalue detected, returning FALSE
at 234825 ps(1), Instance /testeverything_tb/united/pwm/ : Warning: NUMERIC_STD.">": metavalue detected, returning FALSE
at 249975 ps(1), Instance /testeverything_tb/united/pwm/ : Warning: NUMERIC_STD.">": metavalue detected, returning FALSE
at 265125 ps(1), Instance /testeverything_tb/united/pwm/ : Warning: NUMERIC_STD.">": metavalue detected, returning FALSE
at 280275 ps(1), Instance /testeverything_tb/united/pwm/ : Warning: NUMERIC_STD.">": metavalue detected, returning FALSE
at 295425 ps(1), Instance /testeverything_tb/united/pwm/ : Warning: NUMERIC_STD.">": metavalue detected, returning FALSE
at 310575 ps(1), Instance /testeverything_tb/united/pwm/ : Warning: NUMERIC_STD.">": metavalue detected, returning FALSE
at 325725 ps(1), Instance /testeverything_tb/united/pwm/ : Warning: NUMERIC_STD.">": metavalue detected, returning FALSE
at 340875 ps(1), Instance /testeverything_tb/united/pwm/ : Warning: NUMERIC_STD.">": metavalue detected, returning FALSE
at 356025 ps(1), Instance /testeverything_tb/united/pwm/ : Warning: NUMERIC_STD.">": metavalue detected, returning FALSE
at 371175 ps(1), Instance /testeverything_tb/united/pwm/ : Warning: NUMERIC_STD.">": metavalue detected, returning FALSE
at 386325 ps(1), Instance /testeverything_tb/united/pwm/ : Warning: NUMERIC_STD.">": metavalue detected, returning FALSE
at 401475 ps(1), Instance /testeverything_tb/united/pwm/ : Warning: NUMERIC_STD.">": metavalue detected, returning FALSE
at 416625 ps(1), Instance /testeverything_tb/united/pwm/ : Warning: NUMERIC_STD.">": metavalue detected, returning FALSE
at 431775 ps(1), Instance /testeverything_tb/united/pwm/ : Warning: NUMERIC_STD.">": metavalue detected, returning FALSE
at 446925 ps(1), Instance /testeverything_tb/united/pwm/ : Warning: NUMERIC_STD.">": metavalue detected, returning FALSE
at 462075 ps(1), Instance /testeverything_tb/united/pwm/ : Warning: NUMERIC_STD.">": metavalue detected, returning FALSE
at 477225 ps(1), Instance /testeverything_tb/united/pwm/ : Warning: NUMERIC_STD.">": metavalue detected, returning FALSE
at 492375 ps(1), Instance /testeverything_tb/united/pwm/ : Warning: NUMERIC_STD.">": metavalue detected, returning FALSE
at 507525 ps(1), Instance /testeverything_tb/united/pwm/ : Warning: NUMERIC_STD.">": metavalue detected, returning FALSE
at 522675 ps(1), Instance /testeverything_tb/united/pwm/ : Warning: NUMERIC_STD.">": metavalue detected, returning FALSE
at 537825 ps(1), Instance /testeverything_tb/united/pwm/ : Warning: NUMERIC_STD.">": metavalue detected, returning FALSE
at 552975 ps(1), Instance /testeverything_tb/united/pwm/ : Warning: NUMERIC_STD.">": metavalue detected, returning FALSE
at 568125 ps(1), Instance /testeverything_tb/united/pwm/ : Warning: NUMERIC_STD.">": metavalue detected, returning FALSE
at 583275 ps(1), Instance /testeverything_tb/united/pwm/ : Warning: NUMERIC_STD.">": metavalue detected, returning FALSE
at 598425 ps(1), Instance /testeverything_tb/united/pwm/ : Warning: NUMERIC_STD.">": metavalue detected, returning FALSE
at 613575 ps(1), Instance /testeverything_tb/united/pwm/ : Warning: NUMERIC_STD.">": metavalue detected, returning FALSE
at 628725 ps(1), Instance /testeverything_tb/united/pwm/ : Warning: NUMERIC_STD.">": metavalue detected, returning FALSE
at 643875 ps(1), Instance /testeverything_tb/united/pwm/ : Warning: NUMERIC_STD.">": metavalue detected, returning FALSE
at 659025 ps(1), Instance /testeverything_tb/united/pwm/ : Warning: NUMERIC_STD.">": metavalue detected, returning FALSE
at 674175 ps(1), Instance /testeverything_tb/united/pwm/ : Warning: NUMERIC_STD.">": metavalue detected, returning FALSE
at 689325 ps(1), Instance /testeverything_tb/united/pwm/ : Warning: NUMERIC_STD.">": metavalue detected, returning FALSE
at 704475 ps(1), Instance /testeverything_tb/united/pwm/ : Warning: NUMERIC_STD.">": metavalue detected, returning FALSE
at 719625 ps(1), Instance /testeverything_tb/united/pwm/ : Warning: NUMERIC_STD.">": metavalue detected, returning FALSE
at 734775 ps(1), Instance /testeverything_tb/united/pwm/ : Warning: NUMERIC_STD.">": metavalue detected, returning FALSE
at 749925 ps(1), Instance /testeverything_tb/united/pwm/ : Warning: NUMERIC_STD.">": metavalue detected, returning FALSE
at 765075 ps(1), Instance /testeverything_tb/united/pwm/ : Warning: NUMERIC_STD.">": metavalue detected, returning FALSE
at 780225 ps(1), Instance /testeverything_tb/united/pwm/ : Warning: NUMERIC_STD.">": metavalue detected, returning FALSE
at 795375 ps(1), Instance /testeverything_tb/united/pwm/ : Warning: NUMERIC_STD.">": metavalue detected, returning FALSE
at 810525 ps(1), Instance /testeverything_tb/united/pwm/ : Warning: NUMERIC_STD.">": metavalue detected, returning FALSE
at 825675 ps(1), Instance /testeverything_tb/united/pwm/ : Warning: NUMERIC_STD.">": metavalue detected, returning FALSE
at 840825 ps(1), Instance /testeverything_tb/united/pwm/ : Warning: NUMERIC_STD.">": metavalue detected, returning FALSE
at 855975 ps(1), Instance /testeverything_tb/united/pwm/ : Warning: NUMERIC_STD.">": metavalue detected, returning FALSE
at 871125 ps(1), Instance /testeverything_tb/united/pwm/ : Warning: NUMERIC_STD.">": metavalue detected, returning FALSE
at 886275 ps(1), Instance /testeverything_tb/united/pwm/ : Warning: NUMERIC_STD.">": metavalue detected, returning FALSE
at 901425 ps(1), Instance /testeverything_tb/united/pwm/ : Warning: NUMERIC_STD.">": metavalue detected, returning FALSE
at 916575 ps(1), Instance /testeverything_tb/united/pwm/ : Warning: NUMERIC_STD.">": metavalue detected, returning FALSE
at 931725 ps(1), Instance /testeverything_tb/united/pwm/ : Warning: NUMERIC_STD.">": metavalue detected, returning FALSE
at 946875 ps(1), Instance /testeverything_tb/united/pwm/ : Warning: NUMERIC_STD.">": metavalue detected, returning FALSE
at 962025 ps(1), Instance /testeverything_tb/united/pwm/ : Warning: NUMERIC_STD.">": metavalue detected, returning FALSE
at 977175 ps(1), Instance /testeverything_tb/united/pwm/ : Warning: NUMERIC_STD.">": metavalue detected, returning FALSE
at 992325 ps(1), Instance /testeverything_tb/united/pwm/ : Warning: NUMERIC_STD.">": metavalue detected, returning FALSE
